<?xml version="1.0" encoding="UTF-8"?>
<!-- Generated by org.testng.reporters.JUnitReportReporter -->
<testsuite hostname="LAPTOP-0QND3QEA" failures="0" tests="2" name="testng.NewTest" time="0.019" errors="0" timestamp="2024-12-31T11:33:41 IST" skipped="0">
  <testcase classname="testng.NewTest" name="sample_testng" time="0.002"/>
  <system-out/>
  <testcase classname="testng.NewTest" name="a_sample" time="0.017"/>
  <system-out/>
</testsuite> <!-- testng.NewTest -->
