<?xml version="1.0" encoding="UTF-8"?>
<!-- Generated by org.testng.reporters.JUnitReportReporter -->
<testsuite hostname="LAPTOP-0QND3QEA" failures="0" tests="1" name="testng.SampleTest" time="0.020" errors="0" timestamp="2024-12-31T11:35:46 IST" skipped="0">
  <testcase classname="testng.SampleTest" name="samp" time="0.020"/>
  <system-out/>
</testsuite> <!-- testng.SampleTest -->
