<?xml version="1.0" encoding="UTF-8"?>
<!-- Generated by org.testng.reporters.JUnitReportReporter -->
<testsuite hostname="LAPTOP-0QND3QEA" failures="0" tests="1" name="testng.Sample" time="0.013" errors="0" timestamp="2025-01-02T17:05:07 IST" skipped="0">
  <testcase classname="testng.Sample" name="sam" time="0.013"/>
  <system-out/>
</testsuite> <!-- testng.Sample -->
